2019-02-13 09:50:06.583 DEBUG [JdbcUtil.main:48] Connected
2019-02-13 10:09:07.319 DEBUG [JdbcUtil.main:48] Connected
2019-02-13 10:09:14.083 DEBUG [JdbcUtil.main:48] Connected
2019-02-13 10:11:38.461 DEBUG [JdbcUtil.main:48] Connected
2019-02-13 10:36:19.666 DEBUG [JdbcUtil.main:48] Connected
2019-02-13 10:37:02.419 DEBUG [JdbcUtil.main:47] Connected
2019-02-13 10:41:07.652 DEBUG [JdbcUtil.main:47] Connected
2019-02-13 10:49:24.847 DEBUG [JdbcUtil.main:47] Connected
2019-02-13 11:20:58.856 DEBUG [MainView.<init>:30] Enter
2019-02-13 11:33:09.138 DEBUG [MainView.<init>:30] Enter
2019-02-13 11:34:30.897 DEBUG [MainView.<init>:32] Enter
2019-02-13 11:34:33.896 DEBUG [MainView.actionPerformed:58] Enter
2019-02-13 11:35:04.912 DEBUG [MainView.<init>:32] Enter
2019-02-13 11:35:12.639 DEBUG [MainView.cbSourceDBItemStateChanged:123] Enter
2019-02-13 11:35:32.427 DEBUG [MainView.<init>:32] Enter
2019-02-13 11:35:37.759 DEBUG [MainView.cbSourceDBItemStateChanged:123] Enter
2019-02-13 11:35:37.759 DEBUG [MainView.cbSourceDBItemStateChanged:129] <源端Oracle数据库>
2019-02-13 11:35:40.182 DEBUG [MainView.cbSourceDBItemStateChanged:123] Enter
2019-02-13 11:35:40.182 DEBUG [MainView.cbSourceDBItemStateChanged:129] <源端Oracle数据库>
2019-02-14 15:01:24.104 DEBUG [MainView.<init>:31] Enter
2019-02-14 15:01:26.420 DEBUG [MainView.cbSourceDBItemStateChanged:122] Enter
2019-02-14 15:01:26.420 DEBUG [MainView.cbSourceDBItemStateChanged:128] <源端Oracle数据库>
2019-02-14 15:04:05.900 DEBUG [MainView.<init>:32] Enter
2019-02-14 15:04:07.971 DEBUG [MainView.cbSourceDBItemStateChanged:123] Enter
2019-02-14 15:04:07.971 DEBUG [MainView.cbSourceDBItemStateChanged:129] <源端Oracle数据库>
2019-02-14 15:04:57.574 DEBUG [MainView.<init>:32] Enter
2019-02-14 15:04:59.603 DEBUG [MainView.cbSourceDBItemStateChanged:123] Enter
2019-02-14 15:04:59.604 DEBUG [MainView.cbSourceDBItemStateChanged:129] <源端Oracle数据库>
2019-02-14 15:05:08.106 DEBUG [MainView.<init>:32] Enter
2019-02-14 15:05:10.315 DEBUG [MainView.cbSourceDBItemStateChanged:123] Enter
2019-02-14 15:05:10.315 DEBUG [MainView.cbSourceDBItemStateChanged:129] <源端Oracle数据库>
2019-02-14 15:06:37.197 DEBUG [MainView.<init>:32] Enter
2019-02-14 15:06:38.931 DEBUG [MainView.cbSourceDBItemStateChanged:123] Enter
2019-02-14 15:06:38.931 DEBUG [MainView.cbSourceDBItemStateChanged:129] <源端Oracle数据库>
2019-02-14 15:08:54.705 DEBUG [MainView.<init>:32] Enter
2019-02-14 15:08:56.458 DEBUG [MainView.cbSourceDBItemStateChanged:123] Enter
2019-02-14 15:08:56.458 DEBUG [MainView.cbSourceDBItemStateChanged:129] <源端Oracle数据库>
2019-02-14 15:11:25.783 DEBUG [MainView.<init>:32] Enter
2019-02-14 15:11:27.609 DEBUG [MainView.cbSourceDBItemStateChanged:123] Enter
2019-02-14 15:11:27.609 DEBUG [MainView.cbSourceDBItemStateChanged:129] <源端Oracle数据库>
2019-02-14 15:12:02.286 DEBUG [MainView.<init>:32] Enter
2019-02-14 15:12:05.153 DEBUG [MainView.cbSourceDBItemStateChanged:123] Enter
2019-02-14 15:12:05.153 DEBUG [MainView.cbSourceDBItemStateChanged:129] <源端Oracle数据库>
2019-02-14 15:29:28.232 DEBUG [MainView.<init>:32] Enter
2019-02-14 15:29:29.677 DEBUG [MainView.cbSourceDBItemStateChanged:123] Enter
2019-02-14 15:29:29.677 DEBUG [MainView.cbSourceDBItemStateChanged:129] <源端Oracle数据库>
2019-02-14 15:29:33.483 DEBUG [MainView.cbTargetDBItemStateChanged:143] Enter
2019-02-14 15:29:33.483 DEBUG [MainView.cbTargetDBItemStateChanged:149] <目标端PG数据库>
2019-02-14 15:29:35.836 DEBUG [MainView.cbSourceDBItemStateChanged:123] Enter
2019-02-14 15:29:35.837 DEBUG [MainView.cbSourceDBItemStateChanged:129] <源端Oracle数据库>
2019-02-14 15:29:40.299 DEBUG [DBConfigDialog.btnResetActionPerformed:228] 重置
2019-02-14 16:05:05.178 DEBUG [MainView.<init>:36] Enter
2019-02-14 16:05:47.100 DEBUG [MainView.<init>:36] Enter
2019-02-14 16:05:49.140 DEBUG [MainView.dbItemActionPerformed:122] comboBoxChanged
2019-02-14 16:05:49.140 DEBUG [MainView.dbItemActionPerformed:129] <源端Oracle数据库>
2019-02-14 16:05:51.410 DEBUG [MainView.dbItemActionPerformed:122] comboBoxChanged
2019-02-14 16:05:51.411 DEBUG [MainView.dbItemActionPerformed:129] <源端Oracle数据库>
2019-02-14 16:05:54.098 DEBUG [MainView.dbItemActionPerformed:122] comboBoxChanged
2019-02-14 16:05:54.099 DEBUG [MainView.dbItemActionPerformed:129] <源端Oracle数据库>
2019-02-14 16:05:56.402 DEBUG [MainView.dbItemActionPerformed:122] comboBoxChanged
2019-02-14 16:05:56.402 DEBUG [MainView.dbItemActionPerformed:129] <源端Oracle数据库>
2019-02-14 16:06:28.171 DEBUG [MainView.dbItemActionPerformed:122] comboBoxChanged
2019-02-14 16:06:28.171 DEBUG [MainView.dbItemActionPerformed:129] <源端Oracle数据库>
2019-02-14 16:07:38.015 DEBUG [MainView.<init>:37] Enter
2019-02-14 16:07:39.652 DEBUG [MainView.dbItemActionPerformed:123] comboBoxChanged
2019-02-14 16:07:39.652 DEBUG [MainView.dbItemActionPerformed:131] <源端Oracle数据库>
2019-02-14 16:07:41.890 DEBUG [MainView.dbItemActionPerformed:123] comboBoxChanged
2019-02-14 16:07:41.891 DEBUG [MainView.dbItemActionPerformed:131] <目标端PG数据库>
